Build started 7/3/2019 9:38:04 AM.
     1>Project "C:\Users\ADMIN\Documents\26june2019\Homework\exchange rate\exchange rate\exchange rate.vcxproj" on node 2 (build target(s)).
     1>InitializeBuildStatus:
         Creating "Debug\exchange rate.unsuccessfulbuild" because "AlwaysCreate" was specified.
       ClCompile:
         C:\Program Files (x86)\Microsoft Visual Studio 10.0\VC\bin\CL.exe /c /ZI /nologo /W3 /WX- /Od /Oy- /D WIN32 /D _DEBUG /D _CONSOLE /D _UNICODE /D UNICODE /Gm /EHsc /RTC1 /MDd /GS /fp:precise /Zc:wchar_t /Zc:forScope /Fo"Debug\\" /Fd"Debug\vc100.pdb" /Gd /TP /analyze- /errorReport:prompt "exchange rate.cpp"
         exchange rate.cpp
       ManifestResourceCompile:
         C:\Program Files (x86)\Microsoft SDKs\Windows\v7.0A\bin\rc.exe /nologo /fo"Debug\exchange rate.exe.embed.manifest.res" "Debug\exchange rate_manifest.rc" 
       Link:
         C:\Program Files (x86)\Microsoft Visual Studio 10.0\VC\bin\link.exe /ERRORREPORT:PROMPT /OUT:"C:\Users\ADMIN\Documents\26june2019\Homework\exchange rate\Debug\exchange rate.exe" /INCREMENTAL /NOLOGO kernel32.lib user32.lib gdi32.lib winspool.lib comdlg32.lib advapi32.lib shell32.lib ole32.lib oleaut32.lib uuid.lib odbc32.lib odbccp32.lib /MANIFEST /ManifestFile:"Debug\exchange rate.exe.intermediate.manifest" /MANIFESTUAC:"level='asInvoker' uiAccess='false'" /DEBUG /PDB:"C:\Users\ADMIN\Documents\26june2019\Homework\exchange rate\Debug\exchange rate.pdb" /SUBSYSTEM:CONSOLE /TLBID:1 /DYNAMICBASE /NXCOMPAT /IMPLIB:"C:\Users\ADMIN\Documents\26june2019\Homework\exchange rate\Debug\exchange rate.lib" /MACHINE:X86 "Debug\exchange rate.exe.embed.manifest.res"
         "Debug\exchange rate.obj"
       Manifest:
         Deleting file "Debug\exchange rate.exe.embed.manifest".
         C:\Program Files (x86)\Microsoft SDKs\Windows\v7.0A\bin\mt.exe /nologo /verbose /out:"Debug\exchange rate.exe.embed.manifest" /manifest "Debug\exchange rate.exe.intermediate.manifest"
         C:\Program Files (x86)\Microsoft SDKs\Windows\v7.0A\bin\rc.exe /nologo /fo"Debug\exchange rate.exe.embed.manifest.res" "Debug\exchange rate_manifest.rc" 
       LinkEmbedManifest:
         C:\Program Files (x86)\Microsoft Visual Studio 10.0\VC\bin\link.exe /ERRORREPORT:PROMPT /OUT:"C:\Users\ADMIN\Documents\26june2019\Homework\exchange rate\Debug\exchange rate.exe" /INCREMENTAL /NOLOGO kernel32.lib user32.lib gdi32.lib winspool.lib comdlg32.lib advapi32.lib shell32.lib ole32.lib oleaut32.lib uuid.lib odbc32.lib odbccp32.lib /MANIFEST /ManifestFile:"Debug\exchange rate.exe.intermediate.manifest" /MANIFESTUAC:"level='asInvoker' uiAccess='false'" /DEBUG /PDB:"C:\Users\ADMIN\Documents\26june2019\Homework\exchange rate\Debug\exchange rate.pdb" /SUBSYSTEM:CONSOLE /TLBID:1 /DYNAMICBASE /NXCOMPAT /IMPLIB:"C:\Users\ADMIN\Documents\26june2019\Homework\exchange rate\Debug\exchange rate.lib" /MACHINE:X86 "Debug\exchange rate.exe.embed.manifest.res"
         "Debug\exchange rate.obj"
         exchange rate.vcxproj -> C:\Users\ADMIN\Documents\26june2019\Homework\exchange rate\Debug\exchange rate.exe
       FinalizeBuildStatus:
         Deleting file "Debug\exchange rate.unsuccessfulbuild".
         Touching "Debug\exchange rate.lastbuildstate".
     1>Done Building Project "C:\Users\ADMIN\Documents\26june2019\Homework\exchange rate\exchange rate\exchange rate.vcxproj" (build target(s)).

Build succeeded.

Time Elapsed 00:00:01.95
